<?xml version="1.0" encoding="UTF-8"?>
<!-- Generated by org.testng.reporters.JUnitXMLReporter -->
<testsuite ignored="0" hostname="DESKTOP-205N3B6" failures="0" tests="3" name="Default test" time="20.963" errors="0" timestamp="2023-02-15T23:14:45 IST">
  <testcase classname="com.Neostox.Base.BasePage" name="@BeforeClass initializeDriver" time="17.81">
    <failure type="java.lang.NullPointerException" message="Cannot invoke &amp;quot;org.openqa.selenium.JavascriptExecutor.executeScript(String, Object[])&amp;quot; because &amp;quot;js&amp;quot; is null">
      <![CDATA[java.lang.NullPointerException: Cannot invoke "org.openqa.selenium.JavascriptExecutor.executeScript(String, Object[])" because "js" is null
at com.Neostox.Utilities.CommonActions.highlightElement(CommonActions.java:138)
at com.Neostox.Utilities.CommonActions.enters_data(CommonActions.java:25)
at com.Neostox.Pages.LoginPage.Login(LoginPage.java:39)
at com.Neostox.Base.BasePage.initializeDriver(BasePage.java:66)
at java.base/jdk.internal.reflect.NativeMethodAccessorImpl.invoke0(Native Method)
at java.base/jdk.internal.reflect.NativeMethodAccessorImpl.invoke(NativeMethodAccessorImpl.java:77)
at java.base/jdk.internal.reflect.DelegatingMethodAccessorImpl.invoke(DelegatingMethodAccessorImpl.java:43)
at java.base/java.lang.reflect.Method.invoke(Method.java:568)
at org.testng.internal.MethodInvocationHelper.invokeMethod(MethodInvocationHelper.java:133)
at org.testng.internal.MethodInvocationHelper.invokeMethodConsideringTimeout(MethodInvocationHelper.java:62)
at org.testng.internal.ConfigInvoker.invokeConfigurationMethod(ConfigInvoker.java:385)
at org.testng.internal.ConfigInvoker.invokeConfigurations(ConfigInvoker.java:321)
at org.testng.internal.TestMethodWorker.invokeBeforeClassMethods(TestMethodWorker.java:176)
at org.testng.internal.TestMethodWorker.run(TestMethodWorker.java:122)
at java.base/java.util.ArrayList.forEach(ArrayList.java:1511)
at org.testng.TestRunner.privateRun(TestRunner.java:794)
at org.testng.TestRunner.run(TestRunner.java:596)
at org.testng.SuiteRunner.runTest(SuiteRunner.java:377)
at org.testng.SuiteRunner.runSequentially(SuiteRunner.java:371)
at org.testng.SuiteRunner.privateRun(SuiteRunner.java:332)
at org.testng.SuiteRunner.run(SuiteRunner.java:276)
at org.testng.SuiteRunnerWorker.runSuite(SuiteRunnerWorker.java:53)
at org.testng.SuiteRunnerWorker.run(SuiteRunnerWorker.java:96)
at org.testng.TestNG.runSuitesSequentially(TestNG.java:1212)
at org.testng.TestNG.runSuitesLocally(TestNG.java:1134)
at org.testng.TestNG.runSuites(TestNG.java:1063)
at org.testng.TestNG.run(TestNG.java:1031)
at org.testng.remote.AbstractRemoteTestNG.run(AbstractRemoteTestNG.java:115)
at org.testng.remote.RemoteTestNG.initAndRun(RemoteTestNG.java:251)
at org.testng.remote.RemoteTestNG.main(RemoteTestNG.java:77)
]]>
    </failure>
  </testcase> <!-- @BeforeClass initializeDriver -->
  <testcase classname="com.Neostox.Base.BasePage" name="@AfterClass teardown" time="-1.676483085662E9">
    <skipped/>
  </testcase> <!-- @AfterClass teardown -->
  <testcase classname="com.NeoStox.TestCases.DashboardPageTest" name="ExpandAndCollapse" time="0.0">
    <skipped/>
  </testcase> <!-- ExpandAndCollapse -->
  <testcase classname="com.NeoStox.TestCases.DashboardPageTest" name="watchlist" time="0.0">
    <skipped/>
  </testcase> <!-- watchlist -->
  <testcase classname="com.NeoStox.TestCases.DashboardPageTest" name="watchlist" time="0.0">
    <skipped/>
  </testcase> <!-- watchlist -->
</testsuite> <!-- Default test -->
