<?xml version="1.0" encoding="UTF-8"?>
<!-- Generated by org.testng.reporters.JUnitXMLReporter -->
<testsuite ignored="2" hostname="DESKTOP-205N3B6" failures="1" tests="2" name="Test" time="41.037" errors="0" timestamp="2023-02-16T21:35:41 IST">
  <testcase classname="com.Neostox.Base.BasePage" name="@BeforeClass initializeDriver" time="30.784">
    <failure type="java.lang.NullPointerException" message="Cannot invoke &amp;quot;org.openqa.selenium.JavascriptExecutor.executeScript(String, Object[])&amp;quot; because &amp;quot;js&amp;quot; is null">
      <![CDATA[java.lang.NullPointerException: Cannot invoke "org.openqa.selenium.JavascriptExecutor.executeScript(String, Object[])" because "js" is null
at com.Neostox.Utilities.CommonActions.highlightElement(CommonActions.java:138)
at com.Neostox.Utilities.CommonActions.enters_data(CommonActions.java:25)
at com.Neostox.Pages.LoginPage.Login(LoginPage.java:39)
at com.Neostox.Base.BasePage.initializeDriver(BasePage.java:66)
at java.base/java.util.ArrayList.forEach(ArrayList.java:1511)
... Removed 25 stack frames]]>
    </failure>
  </testcase> <!-- @BeforeClass initializeDriver -->
  <testcase classname="com.Neostox.Base.BasePage" name="@AfterClass teardown" time="-1.676563541779E9">
    <skipped/>
  </testcase> <!-- @AfterClass teardown -->
  <testcase classname="com.NeoStox.TestCases.ReortsPageTest" name="buttonDashboard" time="0.0">
    <skipped/>
  </testcase> <!-- buttonDashboard -->
  <testcase classname="com.NeoStox.TestCases.ReortsPageTest" name="buttonDashboard" time="0.608">
    <failure type="java.lang.NullPointerException" message="Cannot invoke &amp;quot;org.openqa.selenium.WebDriver.quit()&amp;quot; because &amp;quot;this.driver&amp;quot; is null">
      <![CDATA[java.lang.NullPointerException: Cannot invoke "org.openqa.selenium.WebDriver.quit()" because "this.driver" is null
at com.Neostox.Utilities.ListnerUtility.onTestSkipped(ListnerUtility.java:83)
at java.base/java.util.ArrayList.forEach(ArrayList.java:1511)
... Removed 25 stack frames]]>
    </failure>
  </testcase> <!-- buttonDashboard -->
  <testcase classname="com.Neostox.Base.BasePage" name="@AfterSuite openReport" time="0.0">
    <ignored/>
  </testcase> <!-- @AfterSuite openReport -->
  <testcase classname="com.Neostox.Base.BasePage" name="@AfterSuite openReport" time="0.0">
    <ignored/>
  </testcase> <!-- @AfterSuite openReport -->
</testsuite> <!-- Test -->
