<?xml version="1.0" encoding="UTF-8"?>
<testng-results ignored="2" total="3" passed="0" failed="1" skipped="0">
  <reporter-output>
  </reporter-output>
  <suite started-at="2023-02-02T19:15:51Z" name="Suite" finished-at="2023-02-02T19:17:17Z" duration-ms="86037">
    <groups>
    </groups>
    <test started-at="2023-02-02T19:15:51Z" name="Test" finished-at="2023-02-02T19:17:17Z" duration-ms="86037">
      <class name="com.NeoStox.TestCases.ReortsPageTest">
        <test-method is-config="true" signature="initializeDriver()[pri:0, instance:com.NeoStox.TestCases.ReortsPageTest@26bab2f1]" started-at="2023-02-02T19:15:53Z" name="initializeDriver" finished-at="2023-02-02T19:16:29Z" duration-ms="35609" status="PASS">
          <reporter-output>
          </reporter-output>
        </test-method> <!-- initializeDriver -->
        <test-method signature="buttonDashboard()[pri:0, instance:com.NeoStox.TestCases.ReortsPageTest@26bab2f1]" started-at="2023-02-02T19:16:29Z" name="buttonDashboard" description="To verify the Reports Page Dashboard button" finished-at="2023-02-02T19:17:11Z" duration-ms="42516" status="FAIL">
          <exception class="org.openqa.selenium.NoSuchElementException">
            <message>
              <![CDATA[no such element: Unable to locate element: {"method":"xpath","selector":"/html[1]/body[1]/div[2]/div[2]/div[1]/div[1]/div[1]/div[1]/div[1]/div[2]/div[1]/div[1]/div[1]/div[2]/table[1]/tbody[1]/tr[1]/td[1]"}
  (Session info: chrome=109.0.5414.120)
For documentation on this error, please visit: https://selenium.dev/exceptions/#no_such_element
Build info: version: '4.1.1', revision: 'e8fcc2cecf'
System info: host: 'DESKTOP-5SVQFKG', ip: '192.168.42.185', os.name: 'Windows 10', os.arch: 'amd64', os.version: '10.0', java.version: '17.0.4.1'
Driver info: org.openqa.selenium.chrome.ChromeDriver
Command: [06e298acbca50513f32256652dbde342, findElement {using=xpath, value=/html[1]/body[1]/div[2]/div[2]/div[1]/div[1]/div[1]/div[1]/div[1]/div[2]/div[1]/div[1]/div[1]/div[2]/table[1]/tbody[1]/tr[1]/td[1]}]
Capabilities {acceptInsecureCerts: false, browserName: chrome, browserVersion: 109.0.5414.120, chrome: {chromedriverVersion: 109.0.5414.74 (e7c5703604da..., userDataDir: C:\Windows\TEMP\scoped_dir1...}, goog:chromeOptions: {debuggerAddress: localhost:52685}, javascriptEnabled: true, networkConnectionEnabled: false, pageLoadStrategy: normal, platform: WINDOWS, platformName: WINDOWS, proxy: Proxy(), se:cdp: ws://localhost:52685/devtoo..., se:cdpVersion: 109.0.5414.120, setWindowRect: true, strictFileInteractability: false, timeouts: {implicit: 0, pageLoad: 300000, script: 30000}, unhandledPromptBehavior: dismiss and notify, webauthn:extension:credBlob: true, webauthn:extension:largeBlob: true, webauthn:virtualAuthenticators: true}
Session ID: 06e298acbca50513f32256652dbde342]]>
            </message>
            <full-stacktrace>
              <![CDATA[org.openqa.selenium.NoSuchElementException: no such element: Unable to locate element: {"method":"xpath","selector":"/html[1]/body[1]/div[2]/div[2]/div[1]/div[1]/div[1]/div[1]/div[1]/div[2]/div[1]/div[1]/div[1]/div[2]/table[1]/tbody[1]/tr[1]/td[1]"}
  (Session info: chrome=109.0.5414.120)
For documentation on this error, please visit: https://selenium.dev/exceptions/#no_such_element
Build info: version: '4.1.1', revision: 'e8fcc2cecf'
System info: host: 'DESKTOP-5SVQFKG', ip: '192.168.42.185', os.name: 'Windows 10', os.arch: 'amd64', os.version: '10.0', java.version: '17.0.4.1'
Driver info: org.openqa.selenium.chrome.ChromeDriver
Command: [06e298acbca50513f32256652dbde342, findElement {using=xpath, value=/html[1]/body[1]/div[2]/div[2]/div[1]/div[1]/div[1]/div[1]/div[1]/div[2]/div[1]/div[1]/div[1]/div[2]/table[1]/tbody[1]/tr[1]/td[1]}]
Capabilities {acceptInsecureCerts: false, browserName: chrome, browserVersion: 109.0.5414.120, chrome: {chromedriverVersion: 109.0.5414.74 (e7c5703604da..., userDataDir: C:\Windows\TEMP\scoped_dir1...}, goog:chromeOptions: {debuggerAddress: localhost:52685}, javascriptEnabled: true, networkConnectionEnabled: false, pageLoadStrategy: normal, platform: WINDOWS, platformName: WINDOWS, proxy: Proxy(), se:cdp: ws://localhost:52685/devtoo..., se:cdpVersion: 109.0.5414.120, setWindowRect: true, strictFileInteractability: false, timeouts: {implicit: 0, pageLoad: 300000, script: 30000}, unhandledPromptBehavior: dismiss and notify, webauthn:extension:credBlob: true, webauthn:extension:largeBlob: true, webauthn:virtualAuthenticators: true}
Session ID: 06e298acbca50513f32256652dbde342
at java.base/jdk.internal.reflect.NativeConstructorAccessorImpl.newInstance0(Native Method)
at java.base/jdk.internal.reflect.NativeConstructorAccessorImpl.newInstance(NativeConstructorAccessorImpl.java:77)
at java.base/jdk.internal.reflect.DelegatingConstructorAccessorImpl.newInstance(DelegatingConstructorAccessorImpl.java:45)
at java.base/java.lang.reflect.Constructor.newInstanceWithCaller(Constructor.java:499)
at java.base/java.lang.reflect.Constructor.newInstance(Constructor.java:480)
at org.openqa.selenium.remote.codec.w3c.W3CHttpResponseCodec.createException(W3CHttpResponseCodec.java:200)
at org.openqa.selenium.remote.codec.w3c.W3CHttpResponseCodec.decode(W3CHttpResponseCodec.java:133)
at org.openqa.selenium.remote.codec.w3c.W3CHttpResponseCodec.decode(W3CHttpResponseCodec.java:53)
at org.openqa.selenium.remote.HttpCommandExecutor.execute(HttpCommandExecutor.java:184)
at org.openqa.selenium.remote.service.DriverCommandExecutor.invokeExecute(DriverCommandExecutor.java:167)
at org.openqa.selenium.remote.service.DriverCommandExecutor.execute(DriverCommandExecutor.java:142)
at org.openqa.selenium.remote.RemoteWebDriver.execute(RemoteWebDriver.java:543)
at org.openqa.selenium.remote.ElementLocation$ElementFinder$2.findElement(ElementLocation.java:162)
at org.openqa.selenium.remote.ElementLocation.findElement(ElementLocation.java:60)
at org.openqa.selenium.remote.RemoteWebDriver.findElement(RemoteWebDriver.java:367)
at org.openqa.selenium.remote.RemoteWebDriver.findElement(RemoteWebDriver.java:359)
at org.openqa.selenium.support.pagefactory.DefaultElementLocator.findElement(DefaultElementLocator.java:70)
at org.openqa.selenium.support.pagefactory.internal.LocatingElementHandler.invoke(LocatingElementHandler.java:39)
at jdk.proxy2/jdk.proxy2.$Proxy21.isDisplayed(Unknown Source)
at com.NeoStox.TestCases.ReortsPageTest.buttonDashboard(ReortsPageTest.java:21)
at java.base/jdk.internal.reflect.NativeMethodAccessorImpl.invoke0(Native Method)
at java.base/jdk.internal.reflect.NativeMethodAccessorImpl.invoke(NativeMethodAccessorImpl.java:77)
at java.base/jdk.internal.reflect.DelegatingMethodAccessorImpl.invoke(DelegatingMethodAccessorImpl.java:43)
at java.base/java.lang.reflect.Method.invoke(Method.java:568)
at org.testng.internal.MethodInvocationHelper.invokeMethod(MethodInvocationHelper.java:124)
at org.testng.internal.Invoker.invokeMethod(Invoker.java:583)
at org.testng.internal.Invoker.invokeTestMethod(Invoker.java:719)
at org.testng.internal.Invoker.invokeTestMethods(Invoker.java:989)
at org.testng.internal.TestMethodWorker.invokeTestMethods(TestMethodWorker.java:125)
at org.testng.internal.TestMethodWorker.run(TestMethodWorker.java:109)
at org.testng.TestRunner.privateRun(TestRunner.java:648)
at org.testng.TestRunner.run(TestRunner.java:505)
at org.testng.SuiteRunner.runTest(SuiteRunner.java:455)
at org.testng.SuiteRunner.runSequentially(SuiteRunner.java:450)
at org.testng.SuiteRunner.privateRun(SuiteRunner.java:415)
at org.testng.SuiteRunner.run(SuiteRunner.java:364)
at org.testng.SuiteRunnerWorker.runSuite(SuiteRunnerWorker.java:52)
at org.testng.SuiteRunnerWorker.run(SuiteRunnerWorker.java:84)
at org.testng.TestNG.runSuitesSequentially(TestNG.java:1208)
at org.testng.TestNG.runSuitesLocally(TestNG.java:1137)
at org.testng.TestNG.runSuites(TestNG.java:1049)
at org.testng.TestNG.run(TestNG.java:1017)
at org.testng.remote.AbstractRemoteTestNG.run(AbstractRemoteTestNG.java:115)
at org.testng.remote.RemoteTestNG.initAndRun(RemoteTestNG.java:251)
at org.testng.remote.RemoteTestNG.main(RemoteTestNG.java:77)
]]>
            </full-stacktrace>
          </exception> <!-- org.openqa.selenium.NoSuchElementException -->
          <reporter-output>
          </reporter-output>
        </test-method> <!-- buttonDashboard -->
        <test-method is-config="true" signature="teardown()[pri:0, instance:com.NeoStox.TestCases.ReortsPageTest@26bab2f1]" started-at="2023-02-02T19:17:17Z" name="teardown" finished-at="2023-02-02T19:17:17Z" duration-ms="1" status="PASS">
          <reporter-output>
          </reporter-output>
        </test-method> <!-- teardown -->
      </class> <!-- com.NeoStox.TestCases.ReortsPageTest -->
      <class name="com.NeoStox.TestCases.DashboardPageTest">
        <test-method is-config="true" signature="openReport()[pri:0, instance:com.NeoStox.TestCases.DashboardPageTest@18bc345]" started-at="2023-02-02T19:17:18Z" name="openReport" finished-at="2023-02-02T19:17:20Z" duration-ms="1982" status="PASS">
          <reporter-output>
          </reporter-output>
        </test-method> <!-- openReport -->
      </class> <!-- com.NeoStox.TestCases.DashboardPageTest -->
    </test> <!-- Test -->
  </suite> <!-- Suite -->
</testng-results>
